1662206001562|63|statement|connection 16|url jdbc:h2:mem:45c4bd27-d8d4-4877-9323-5a8d9642e66b|drop table if exists board CASCADE |drop table if exists board CASCADE 
1662206001571|4|statement|connection 16|url jdbc:h2:mem:45c4bd27-d8d4-4877-9323-5a8d9642e66b|drop table if exists comment CASCADE |drop table if exists comment CASCADE 
1662206001574|1|statement|connection 16|url jdbc:h2:mem:45c4bd27-d8d4-4877-9323-5a8d9642e66b|drop table if exists likes CASCADE |drop table if exists likes CASCADE 
1662206001585|10|statement|connection 16|url jdbc:h2:mem:45c4bd27-d8d4-4877-9323-5a8d9642e66b|drop table if exists message CASCADE |drop table if exists message CASCADE 
1662206001587|1|statement|connection 16|url jdbc:h2:mem:45c4bd27-d8d4-4877-9323-5a8d9642e66b|drop table if exists my_sequences CASCADE |drop table if exists my_sequences CASCADE 
1662206001589|2|statement|connection 16|url jdbc:h2:mem:45c4bd27-d8d4-4877-9323-5a8d9642e66b|drop table if exists notification CASCADE |drop table if exists notification CASCADE 
1662206001593|3|statement|connection 16|url jdbc:h2:mem:45c4bd27-d8d4-4877-9323-5a8d9642e66b|drop table if exists room CASCADE |drop table if exists room CASCADE 
1662206001607|14|statement|connection 16|url jdbc:h2:mem:45c4bd27-d8d4-4877-9323-5a8d9642e66b|drop table if exists school CASCADE |drop table if exists school CASCADE 
1662206001608|0|statement|connection 16|url jdbc:h2:mem:45c4bd27-d8d4-4877-9323-5a8d9642e66b|drop table if exists student_card CASCADE |drop table if exists student_card CASCADE 
1662206001608|0|statement|connection 16|url jdbc:h2:mem:45c4bd27-d8d4-4877-9323-5a8d9642e66b|drop table if exists subject CASCADE |drop table if exists subject CASCADE 
1662206001608|0|statement|connection 16|url jdbc:h2:mem:45c4bd27-d8d4-4877-9323-5a8d9642e66b|drop table if exists subject_schedule CASCADE |drop table if exists subject_schedule CASCADE 
1662206001609|0|statement|connection 16|url jdbc:h2:mem:45c4bd27-d8d4-4877-9323-5a8d9642e66b|drop table if exists upload_file CASCADE |drop table if exists upload_file CASCADE 
1662206001616|6|statement|connection 16|url jdbc:h2:mem:45c4bd27-d8d4-4877-9323-5a8d9642e66b|drop table if exists user CASCADE |drop table if exists user CASCADE 
1662206001617|1|statement|connection 16|url jdbc:h2:mem:45c4bd27-d8d4-4877-9323-5a8d9642e66b|drop table if exists user_confirm CASCADE |drop table if exists user_confirm CASCADE 
1662206001619|1|statement|connection 16|url jdbc:h2:mem:45c4bd27-d8d4-4877-9323-5a8d9642e66b|drop sequence if exists hibernate_sequence|drop sequence if exists hibernate_sequence
1666853839598|3|statement|connection 15|url jdbc:h2:mem:3a47f407-73a5-40dd-9a65-aaacb1e2fe34|drop table if exists board CASCADE |drop table if exists board CASCADE 
1666853839604|2|statement|connection 15|url jdbc:h2:mem:3a47f407-73a5-40dd-9a65-aaacb1e2fe34|drop table if exists comment CASCADE |drop table if exists comment CASCADE 
1666853839604|0|statement|connection 15|url jdbc:h2:mem:3a47f407-73a5-40dd-9a65-aaacb1e2fe34|drop table if exists likes CASCADE |drop table if exists likes CASCADE 
1666853839605|0|statement|connection 15|url jdbc:h2:mem:3a47f407-73a5-40dd-9a65-aaacb1e2fe34|drop table if exists message CASCADE |drop table if exists message CASCADE 
1666853839605|0|statement|connection 15|url jdbc:h2:mem:3a47f407-73a5-40dd-9a65-aaacb1e2fe34|drop table if exists my_sequences CASCADE |drop table if exists my_sequences CASCADE 
1666853839606|0|statement|connection 15|url jdbc:h2:mem:3a47f407-73a5-40dd-9a65-aaacb1e2fe34|drop table if exists notification CASCADE |drop table if exists notification CASCADE 
1666853839606|0|statement|connection 15|url jdbc:h2:mem:3a47f407-73a5-40dd-9a65-aaacb1e2fe34|drop table if exists room CASCADE |drop table if exists room CASCADE 
1666853839606|0|statement|connection 15|url jdbc:h2:mem:3a47f407-73a5-40dd-9a65-aaacb1e2fe34|drop table if exists school CASCADE |drop table if exists school CASCADE 
1666853839611|5|statement|connection 15|url jdbc:h2:mem:3a47f407-73a5-40dd-9a65-aaacb1e2fe34|drop table if exists student_card CASCADE |drop table if exists student_card CASCADE 
1666853839612|1|statement|connection 15|url jdbc:h2:mem:3a47f407-73a5-40dd-9a65-aaacb1e2fe34|drop table if exists upload_file CASCADE |drop table if exists upload_file CASCADE 
1666853839613|0|statement|connection 15|url jdbc:h2:mem:3a47f407-73a5-40dd-9a65-aaacb1e2fe34|drop table if exists user CASCADE |drop table if exists user CASCADE 
1666853839614|0|statement|connection 15|url jdbc:h2:mem:3a47f407-73a5-40dd-9a65-aaacb1e2fe34|drop table if exists user_confirm CASCADE |drop table if exists user_confirm CASCADE 
1666853839614|0|statement|connection 15|url jdbc:h2:mem:3a47f407-73a5-40dd-9a65-aaacb1e2fe34|drop sequence if exists hibernate_sequence|drop sequence if exists hibernate_sequence
1666854019224|1|statement|connection 15|url jdbc:h2:mem:f494aaf5-9386-44e8-a7e2-a0fa7f75b705|drop table if exists board CASCADE |drop table if exists board CASCADE 
1666854019236|8|statement|connection 15|url jdbc:h2:mem:f494aaf5-9386-44e8-a7e2-a0fa7f75b705|drop table if exists comment CASCADE |drop table if exists comment CASCADE 
1666854019240|3|statement|connection 15|url jdbc:h2:mem:f494aaf5-9386-44e8-a7e2-a0fa7f75b705|drop table if exists likes CASCADE |drop table if exists likes CASCADE 
1666854019240|0|statement|connection 15|url jdbc:h2:mem:f494aaf5-9386-44e8-a7e2-a0fa7f75b705|drop table if exists message CASCADE |drop table if exists message CASCADE 
1666854019241|0|statement|connection 15|url jdbc:h2:mem:f494aaf5-9386-44e8-a7e2-a0fa7f75b705|drop table if exists my_sequences CASCADE |drop table if exists my_sequences CASCADE 
1666854019247|6|statement|connection 15|url jdbc:h2:mem:f494aaf5-9386-44e8-a7e2-a0fa7f75b705|drop table if exists notification CASCADE |drop table if exists notification CASCADE 
1666854019249|1|statement|connection 15|url jdbc:h2:mem:f494aaf5-9386-44e8-a7e2-a0fa7f75b705|drop table if exists room CASCADE |drop table if exists room CASCADE 
1666854019249|0|statement|connection 15|url jdbc:h2:mem:f494aaf5-9386-44e8-a7e2-a0fa7f75b705|drop table if exists school CASCADE |drop table if exists school CASCADE 
1666854019251|1|statement|connection 15|url jdbc:h2:mem:f494aaf5-9386-44e8-a7e2-a0fa7f75b705|drop table if exists student_card CASCADE |drop table if exists student_card CASCADE 
1666854019254|2|statement|connection 15|url jdbc:h2:mem:f494aaf5-9386-44e8-a7e2-a0fa7f75b705|drop table if exists upload_file CASCADE |drop table if exists upload_file CASCADE 
1666854019254|0|statement|connection 15|url jdbc:h2:mem:f494aaf5-9386-44e8-a7e2-a0fa7f75b705|drop table if exists user CASCADE |drop table if exists user CASCADE 
1666854019255|0|statement|connection 15|url jdbc:h2:mem:f494aaf5-9386-44e8-a7e2-a0fa7f75b705|drop table if exists user_confirm CASCADE |drop table if exists user_confirm CASCADE 
1666854019256|0|statement|connection 15|url jdbc:h2:mem:f494aaf5-9386-44e8-a7e2-a0fa7f75b705|drop sequence if exists hibernate_sequence|drop sequence if exists hibernate_sequence
1666854161431|1|statement|connection 15|url jdbc:h2:mem:c624283b-92b0-46b0-87d5-24c32a8fdaf0|drop table if exists board CASCADE |drop table if exists board CASCADE 
1666854161435|3|statement|connection 15|url jdbc:h2:mem:c624283b-92b0-46b0-87d5-24c32a8fdaf0|drop table if exists comment CASCADE |drop table if exists comment CASCADE 
1666854161435|0|statement|connection 15|url jdbc:h2:mem:c624283b-92b0-46b0-87d5-24c32a8fdaf0|drop table if exists likes CASCADE |drop table if exists likes CASCADE 
1666854161436|0|statement|connection 15|url jdbc:h2:mem:c624283b-92b0-46b0-87d5-24c32a8fdaf0|drop table if exists message CASCADE |drop table if exists message CASCADE 
1666854161436|0|statement|connection 15|url jdbc:h2:mem:c624283b-92b0-46b0-87d5-24c32a8fdaf0|drop table if exists my_sequences CASCADE |drop table if exists my_sequences CASCADE 
1666854161441|4|statement|connection 15|url jdbc:h2:mem:c624283b-92b0-46b0-87d5-24c32a8fdaf0|drop table if exists notification CASCADE |drop table if exists notification CASCADE 
1666854161441|0|statement|connection 15|url jdbc:h2:mem:c624283b-92b0-46b0-87d5-24c32a8fdaf0|drop table if exists room CASCADE |drop table if exists room CASCADE 
1666854161443|1|statement|connection 15|url jdbc:h2:mem:c624283b-92b0-46b0-87d5-24c32a8fdaf0|drop table if exists school CASCADE |drop table if exists school CASCADE 
1666854161443|0|statement|connection 15|url jdbc:h2:mem:c624283b-92b0-46b0-87d5-24c32a8fdaf0|drop table if exists student_card CASCADE |drop table if exists student_card CASCADE 
1666854161444|0|statement|connection 15|url jdbc:h2:mem:c624283b-92b0-46b0-87d5-24c32a8fdaf0|drop table if exists upload_file CASCADE |drop table if exists upload_file CASCADE 
1666854161444|0|statement|connection 15|url jdbc:h2:mem:c624283b-92b0-46b0-87d5-24c32a8fdaf0|drop table if exists user CASCADE |drop table if exists user CASCADE 
1666854161445|0|statement|connection 15|url jdbc:h2:mem:c624283b-92b0-46b0-87d5-24c32a8fdaf0|drop table if exists user_confirm CASCADE |drop table if exists user_confirm CASCADE 
1666854161445|0|statement|connection 15|url jdbc:h2:mem:c624283b-92b0-46b0-87d5-24c32a8fdaf0|drop sequence if exists hibernate_sequence|drop sequence if exists hibernate_sequence
1666854254914|2|statement|connection 15|url jdbc:h2:mem:ae36147b-13e3-4bd7-bc96-0753d63d21f3|drop table if exists board CASCADE |drop table if exists board CASCADE 
1666854254918|3|statement|connection 15|url jdbc:h2:mem:ae36147b-13e3-4bd7-bc96-0753d63d21f3|drop table if exists comment CASCADE |drop table if exists comment CASCADE 
1666854254919|0|statement|connection 15|url jdbc:h2:mem:ae36147b-13e3-4bd7-bc96-0753d63d21f3|drop table if exists likes CASCADE |drop table if exists likes CASCADE 
1666854254920|0|statement|connection 15|url jdbc:h2:mem:ae36147b-13e3-4bd7-bc96-0753d63d21f3|drop table if exists message CASCADE |drop table if exists message CASCADE 
1666854254921|0|statement|connection 15|url jdbc:h2:mem:ae36147b-13e3-4bd7-bc96-0753d63d21f3|drop table if exists my_sequences CASCADE |drop table if exists my_sequences CASCADE 
1666854254922|0|statement|connection 15|url jdbc:h2:mem:ae36147b-13e3-4bd7-bc96-0753d63d21f3|drop table if exists notification CASCADE |drop table if exists notification CASCADE 
1666854254923|1|statement|connection 15|url jdbc:h2:mem:ae36147b-13e3-4bd7-bc96-0753d63d21f3|drop table if exists room CASCADE |drop table if exists room CASCADE 
1666854254927|4|statement|connection 15|url jdbc:h2:mem:ae36147b-13e3-4bd7-bc96-0753d63d21f3|drop table if exists school CASCADE |drop table if exists school CASCADE 
1666854254930|2|statement|connection 15|url jdbc:h2:mem:ae36147b-13e3-4bd7-bc96-0753d63d21f3|drop table if exists student_card CASCADE |drop table if exists student_card CASCADE 
1666854254931|0|statement|connection 15|url jdbc:h2:mem:ae36147b-13e3-4bd7-bc96-0753d63d21f3|drop table if exists upload_file CASCADE |drop table if exists upload_file CASCADE 
1666854254931|0|statement|connection 15|url jdbc:h2:mem:ae36147b-13e3-4bd7-bc96-0753d63d21f3|drop table if exists user CASCADE |drop table if exists user CASCADE 
1666854254937|3|statement|connection 15|url jdbc:h2:mem:ae36147b-13e3-4bd7-bc96-0753d63d21f3|drop table if exists user_confirm CASCADE |drop table if exists user_confirm CASCADE 
1666854254937|0|statement|connection 15|url jdbc:h2:mem:ae36147b-13e3-4bd7-bc96-0753d63d21f3|drop sequence if exists hibernate_sequence|drop sequence if exists hibernate_sequence
1666867097853|6|statement|connection 26|url jdbc:h2:mem:92ef0e78-76c0-4a1b-8336-3a82ddace1bb|drop table if exists board CASCADE |drop table if exists board CASCADE 
1666867097857|1|statement|connection 26|url jdbc:h2:mem:92ef0e78-76c0-4a1b-8336-3a82ddace1bb|drop table if exists comment CASCADE |drop table if exists comment CASCADE 
1666867097858|0|statement|connection 26|url jdbc:h2:mem:92ef0e78-76c0-4a1b-8336-3a82ddace1bb|drop table if exists likes CASCADE |drop table if exists likes CASCADE 
1666867097859|1|statement|connection 26|url jdbc:h2:mem:92ef0e78-76c0-4a1b-8336-3a82ddace1bb|drop table if exists message CASCADE |drop table if exists message CASCADE 
1666867097862|2|statement|connection 26|url jdbc:h2:mem:92ef0e78-76c0-4a1b-8336-3a82ddace1bb|drop table if exists my_sequences CASCADE |drop table if exists my_sequences CASCADE 
1666867097863|0|statement|connection 26|url jdbc:h2:mem:92ef0e78-76c0-4a1b-8336-3a82ddace1bb|drop table if exists notification CASCADE |drop table if exists notification CASCADE 
1666867097864|0|statement|connection 26|url jdbc:h2:mem:92ef0e78-76c0-4a1b-8336-3a82ddace1bb|drop table if exists room CASCADE |drop table if exists room CASCADE 
1666867097864|0|statement|connection 26|url jdbc:h2:mem:92ef0e78-76c0-4a1b-8336-3a82ddace1bb|drop table if exists school CASCADE |drop table if exists school CASCADE 
1666867097865|0|statement|connection 26|url jdbc:h2:mem:92ef0e78-76c0-4a1b-8336-3a82ddace1bb|drop table if exists student_card CASCADE |drop table if exists student_card CASCADE 
1666867097865|0|statement|connection 26|url jdbc:h2:mem:92ef0e78-76c0-4a1b-8336-3a82ddace1bb|drop table if exists upload_file CASCADE |drop table if exists upload_file CASCADE 
1666867097865|0|statement|connection 26|url jdbc:h2:mem:92ef0e78-76c0-4a1b-8336-3a82ddace1bb|drop table if exists user_confirm CASCADE |drop table if exists user_confirm CASCADE 
1666867097865|0|statement|connection 26|url jdbc:h2:mem:92ef0e78-76c0-4a1b-8336-3a82ddace1bb|drop table if exists users CASCADE |drop table if exists users CASCADE 
1666867097865|0|statement|connection 26|url jdbc:h2:mem:92ef0e78-76c0-4a1b-8336-3a82ddace1bb|drop sequence if exists hibernate_sequence|drop sequence if exists hibernate_sequence
1666867223309|8|statement|connection 26|url jdbc:h2:mem:a538eace-911a-43a0-8e7f-b10db1bfc48a|drop table if exists board CASCADE |drop table if exists board CASCADE 
1666867223311|1|statement|connection 26|url jdbc:h2:mem:a538eace-911a-43a0-8e7f-b10db1bfc48a|drop table if exists comment CASCADE |drop table if exists comment CASCADE 
1666867223312|0|statement|connection 26|url jdbc:h2:mem:a538eace-911a-43a0-8e7f-b10db1bfc48a|drop table if exists likes CASCADE |drop table if exists likes CASCADE 
1666867223312|0|statement|connection 26|url jdbc:h2:mem:a538eace-911a-43a0-8e7f-b10db1bfc48a|drop table if exists message CASCADE |drop table if exists message CASCADE 
1666867223312|0|statement|connection 26|url jdbc:h2:mem:a538eace-911a-43a0-8e7f-b10db1bfc48a|drop table if exists my_sequences CASCADE |drop table if exists my_sequences CASCADE 
1666867223313|0|statement|connection 26|url jdbc:h2:mem:a538eace-911a-43a0-8e7f-b10db1bfc48a|drop table if exists notification CASCADE |drop table if exists notification CASCADE 
1666867223315|2|statement|connection 26|url jdbc:h2:mem:a538eace-911a-43a0-8e7f-b10db1bfc48a|drop table if exists room CASCADE |drop table if exists room CASCADE 
1666867223316|0|statement|connection 26|url jdbc:h2:mem:a538eace-911a-43a0-8e7f-b10db1bfc48a|drop table if exists school CASCADE |drop table if exists school CASCADE 
1666867223316|0|statement|connection 26|url jdbc:h2:mem:a538eace-911a-43a0-8e7f-b10db1bfc48a|drop table if exists student_card CASCADE |drop table if exists student_card CASCADE 
1666867223317|0|statement|connection 26|url jdbc:h2:mem:a538eace-911a-43a0-8e7f-b10db1bfc48a|drop table if exists upload_file CASCADE |drop table if exists upload_file CASCADE 
1666867223319|2|statement|connection 26|url jdbc:h2:mem:a538eace-911a-43a0-8e7f-b10db1bfc48a|drop table if exists user_confirm CASCADE |drop table if exists user_confirm CASCADE 
1666867223319|0|statement|connection 26|url jdbc:h2:mem:a538eace-911a-43a0-8e7f-b10db1bfc48a|drop table if exists users CASCADE |drop table if exists users CASCADE 
1666867223319|0|statement|connection 26|url jdbc:h2:mem:a538eace-911a-43a0-8e7f-b10db1bfc48a|drop sequence if exists hibernate_sequence|drop sequence if exists hibernate_sequence
1666867460683|4|statement|connection 26|url jdbc:h2:mem:ec72fe84-4e71-42d5-a916-a0ba4bf34edf|drop table if exists board CASCADE |drop table if exists board CASCADE 
1666867460687|2|statement|connection 26|url jdbc:h2:mem:ec72fe84-4e71-42d5-a916-a0ba4bf34edf|drop table if exists comment CASCADE |drop table if exists comment CASCADE 
1666867460687|0|statement|connection 26|url jdbc:h2:mem:ec72fe84-4e71-42d5-a916-a0ba4bf34edf|drop table if exists likes CASCADE |drop table if exists likes CASCADE 
1666867460688|0|statement|connection 26|url jdbc:h2:mem:ec72fe84-4e71-42d5-a916-a0ba4bf34edf|drop table if exists message CASCADE |drop table if exists message CASCADE 
1666867460688|0|statement|connection 26|url jdbc:h2:mem:ec72fe84-4e71-42d5-a916-a0ba4bf34edf|drop table if exists my_sequences CASCADE |drop table if exists my_sequences CASCADE 
1666867460689|0|statement|connection 26|url jdbc:h2:mem:ec72fe84-4e71-42d5-a916-a0ba4bf34edf|drop table if exists notification CASCADE |drop table if exists notification CASCADE 
1666867460690|1|statement|connection 26|url jdbc:h2:mem:ec72fe84-4e71-42d5-a916-a0ba4bf34edf|drop table if exists room CASCADE |drop table if exists room CASCADE 
1666867460690|0|statement|connection 26|url jdbc:h2:mem:ec72fe84-4e71-42d5-a916-a0ba4bf34edf|drop table if exists school CASCADE |drop table if exists school CASCADE 
1666867460691|0|statement|connection 26|url jdbc:h2:mem:ec72fe84-4e71-42d5-a916-a0ba4bf34edf|drop table if exists student_card CASCADE |drop table if exists student_card CASCADE 
1666867460692|1|statement|connection 26|url jdbc:h2:mem:ec72fe84-4e71-42d5-a916-a0ba4bf34edf|drop table if exists upload_file CASCADE |drop table if exists upload_file CASCADE 
1666867460692|0|statement|connection 26|url jdbc:h2:mem:ec72fe84-4e71-42d5-a916-a0ba4bf34edf|drop table if exists user_confirm CASCADE |drop table if exists user_confirm CASCADE 
1666867460693|0|statement|connection 26|url jdbc:h2:mem:ec72fe84-4e71-42d5-a916-a0ba4bf34edf|drop table if exists users CASCADE |drop table if exists users CASCADE 
1666867460693|0|statement|connection 26|url jdbc:h2:mem:ec72fe84-4e71-42d5-a916-a0ba4bf34edf|drop sequence if exists hibernate_sequence|drop sequence if exists hibernate_sequence
1666867598567|4|statement|connection 26|url jdbc:h2:mem:8ae05a7c-d2b0-493a-8d7d-19ca91e999ce|drop table if exists board CASCADE |drop table if exists board CASCADE 
1666867598569|1|statement|connection 26|url jdbc:h2:mem:8ae05a7c-d2b0-493a-8d7d-19ca91e999ce|drop table if exists comment CASCADE |drop table if exists comment CASCADE 
1666867598569|0|statement|connection 26|url jdbc:h2:mem:8ae05a7c-d2b0-493a-8d7d-19ca91e999ce|drop table if exists likes CASCADE |drop table if exists likes CASCADE 
1666867598570|0|statement|connection 26|url jdbc:h2:mem:8ae05a7c-d2b0-493a-8d7d-19ca91e999ce|drop table if exists message CASCADE |drop table if exists message CASCADE 
1666867598570|0|statement|connection 26|url jdbc:h2:mem:8ae05a7c-d2b0-493a-8d7d-19ca91e999ce|drop table if exists my_sequences CASCADE |drop table if exists my_sequences CASCADE 
1666867598570|0|statement|connection 26|url jdbc:h2:mem:8ae05a7c-d2b0-493a-8d7d-19ca91e999ce|drop table if exists notification CASCADE |drop table if exists notification CASCADE 
1666867598573|2|statement|connection 26|url jdbc:h2:mem:8ae05a7c-d2b0-493a-8d7d-19ca91e999ce|drop table if exists room CASCADE |drop table if exists room CASCADE 
1666867598574|0|statement|connection 26|url jdbc:h2:mem:8ae05a7c-d2b0-493a-8d7d-19ca91e999ce|drop table if exists school CASCADE |drop table if exists school CASCADE 
1666867598574|0|statement|connection 26|url jdbc:h2:mem:8ae05a7c-d2b0-493a-8d7d-19ca91e999ce|drop table if exists student_card CASCADE |drop table if exists student_card CASCADE 
1666867598574|0|statement|connection 26|url jdbc:h2:mem:8ae05a7c-d2b0-493a-8d7d-19ca91e999ce|drop table if exists upload_file CASCADE |drop table if exists upload_file CASCADE 
1666867598574|0|statement|connection 26|url jdbc:h2:mem:8ae05a7c-d2b0-493a-8d7d-19ca91e999ce|drop table if exists user_confirm CASCADE |drop table if exists user_confirm CASCADE 
1666867598576|1|statement|connection 26|url jdbc:h2:mem:8ae05a7c-d2b0-493a-8d7d-19ca91e999ce|drop table if exists users CASCADE |drop table if exists users CASCADE 
1666867598577|0|statement|connection 26|url jdbc:h2:mem:8ae05a7c-d2b0-493a-8d7d-19ca91e999ce|drop sequence if exists hibernate_sequence|drop sequence if exists hibernate_sequence
1666868506472|6|statement|connection 29|url jdbc:h2:mem:367e18a4-ae5e-4722-9efd-9d0ee743b390|drop table if exists board CASCADE |drop table if exists board CASCADE 
1666868506474|1|statement|connection 29|url jdbc:h2:mem:367e18a4-ae5e-4722-9efd-9d0ee743b390|drop table if exists comment CASCADE |drop table if exists comment CASCADE 
1666868506475|0|statement|connection 29|url jdbc:h2:mem:367e18a4-ae5e-4722-9efd-9d0ee743b390|drop table if exists likes CASCADE |drop table if exists likes CASCADE 
1666868506475|0|statement|connection 29|url jdbc:h2:mem:367e18a4-ae5e-4722-9efd-9d0ee743b390|drop table if exists message CASCADE |drop table if exists message CASCADE 
1666868506476|0|statement|connection 29|url jdbc:h2:mem:367e18a4-ae5e-4722-9efd-9d0ee743b390|drop table if exists my_sequences CASCADE |drop table if exists my_sequences CASCADE 
1666868506476|0|statement|connection 29|url jdbc:h2:mem:367e18a4-ae5e-4722-9efd-9d0ee743b390|drop table if exists notification CASCADE |drop table if exists notification CASCADE 
1666868506476|0|statement|connection 29|url jdbc:h2:mem:367e18a4-ae5e-4722-9efd-9d0ee743b390|drop table if exists room CASCADE |drop table if exists room CASCADE 
1666868506477|0|statement|connection 29|url jdbc:h2:mem:367e18a4-ae5e-4722-9efd-9d0ee743b390|drop table if exists school CASCADE |drop table if exists school CASCADE 
1666868506478|0|statement|connection 29|url jdbc:h2:mem:367e18a4-ae5e-4722-9efd-9d0ee743b390|drop table if exists student_card CASCADE |drop table if exists student_card CASCADE 
1666868506478|0|statement|connection 29|url jdbc:h2:mem:367e18a4-ae5e-4722-9efd-9d0ee743b390|drop table if exists upload_file CASCADE |drop table if exists upload_file CASCADE 
1666868506479|0|statement|connection 29|url jdbc:h2:mem:367e18a4-ae5e-4722-9efd-9d0ee743b390|drop table if exists user_confirm CASCADE |drop table if exists user_confirm CASCADE 
1666868506479|0|statement|connection 29|url jdbc:h2:mem:367e18a4-ae5e-4722-9efd-9d0ee743b390|drop table if exists users CASCADE |drop table if exists users CASCADE 
1666868506480|0|statement|connection 29|url jdbc:h2:mem:367e18a4-ae5e-4722-9efd-9d0ee743b390|drop sequence if exists hibernate_sequence|drop sequence if exists hibernate_sequence
1666868564900|4|statement|connection 26|url jdbc:h2:mem:1a434ec5-4c72-4577-bd6b-9425faac9ac2|drop table if exists board CASCADE |drop table if exists board CASCADE 
1666868564904|2|statement|connection 26|url jdbc:h2:mem:1a434ec5-4c72-4577-bd6b-9425faac9ac2|drop table if exists comment CASCADE |drop table if exists comment CASCADE 
1666868564904|0|statement|connection 26|url jdbc:h2:mem:1a434ec5-4c72-4577-bd6b-9425faac9ac2|drop table if exists likes CASCADE |drop table if exists likes CASCADE 
1666868564905|0|statement|connection 26|url jdbc:h2:mem:1a434ec5-4c72-4577-bd6b-9425faac9ac2|drop table if exists message CASCADE |drop table if exists message CASCADE 
1666868564905|0|statement|connection 26|url jdbc:h2:mem:1a434ec5-4c72-4577-bd6b-9425faac9ac2|drop table if exists my_sequences CASCADE |drop table if exists my_sequences CASCADE 
1666868564905|0|statement|connection 26|url jdbc:h2:mem:1a434ec5-4c72-4577-bd6b-9425faac9ac2|drop table if exists notification CASCADE |drop table if exists notification CASCADE 
1666868564907|2|statement|connection 26|url jdbc:h2:mem:1a434ec5-4c72-4577-bd6b-9425faac9ac2|drop table if exists room CASCADE |drop table if exists room CASCADE 
1666868564908|0|statement|connection 26|url jdbc:h2:mem:1a434ec5-4c72-4577-bd6b-9425faac9ac2|drop table if exists school CASCADE |drop table if exists school CASCADE 
1666868564909|0|statement|connection 26|url jdbc:h2:mem:1a434ec5-4c72-4577-bd6b-9425faac9ac2|drop table if exists student_card CASCADE |drop table if exists student_card CASCADE 
1666868564909|0|statement|connection 26|url jdbc:h2:mem:1a434ec5-4c72-4577-bd6b-9425faac9ac2|drop table if exists upload_file CASCADE |drop table if exists upload_file CASCADE 
1666868564911|1|statement|connection 26|url jdbc:h2:mem:1a434ec5-4c72-4577-bd6b-9425faac9ac2|drop table if exists user_confirm CASCADE |drop table if exists user_confirm CASCADE 
1666868564911|0|statement|connection 26|url jdbc:h2:mem:1a434ec5-4c72-4577-bd6b-9425faac9ac2|drop table if exists users CASCADE |drop table if exists users CASCADE 
1666868564911|0|statement|connection 26|url jdbc:h2:mem:1a434ec5-4c72-4577-bd6b-9425faac9ac2|drop sequence if exists hibernate_sequence|drop sequence if exists hibernate_sequence
1666868885959|5|statement|connection 65|url jdbc:h2:mem:831f2242-d098-4222-ba9c-ae9e8270500f|drop table if exists board CASCADE |drop table if exists board CASCADE 
1666868885963|1|statement|connection 65|url jdbc:h2:mem:831f2242-d098-4222-ba9c-ae9e8270500f|drop table if exists comment CASCADE |drop table if exists comment CASCADE 
1666868885964|0|statement|connection 65|url jdbc:h2:mem:831f2242-d098-4222-ba9c-ae9e8270500f|drop table if exists likes CASCADE |drop table if exists likes CASCADE 
1666868885964|0|statement|connection 65|url jdbc:h2:mem:831f2242-d098-4222-ba9c-ae9e8270500f|drop table if exists message CASCADE |drop table if exists message CASCADE 
1666868885965|0|statement|connection 65|url jdbc:h2:mem:831f2242-d098-4222-ba9c-ae9e8270500f|drop table if exists my_sequences CASCADE |drop table if exists my_sequences CASCADE 
1666868885967|2|statement|connection 65|url jdbc:h2:mem:831f2242-d098-4222-ba9c-ae9e8270500f|drop table if exists notification CASCADE |drop table if exists notification CASCADE 
1666868885968|0|statement|connection 65|url jdbc:h2:mem:831f2242-d098-4222-ba9c-ae9e8270500f|drop table if exists room CASCADE |drop table if exists room CASCADE 
1666868885968|0|statement|connection 65|url jdbc:h2:mem:831f2242-d098-4222-ba9c-ae9e8270500f|drop table if exists school CASCADE |drop table if exists school CASCADE 
1666868885969|0|statement|connection 65|url jdbc:h2:mem:831f2242-d098-4222-ba9c-ae9e8270500f|drop table if exists student_card CASCADE |drop table if exists student_card CASCADE 
1666868885969|0|statement|connection 65|url jdbc:h2:mem:831f2242-d098-4222-ba9c-ae9e8270500f|drop table if exists upload_file CASCADE |drop table if exists upload_file CASCADE 
1666868885969|0|statement|connection 65|url jdbc:h2:mem:831f2242-d098-4222-ba9c-ae9e8270500f|drop table if exists user_confirm CASCADE |drop table if exists user_confirm CASCADE 
1666868885969|0|statement|connection 65|url jdbc:h2:mem:831f2242-d098-4222-ba9c-ae9e8270500f|drop table if exists users CASCADE |drop table if exists users CASCADE 
1666868885969|0|statement|connection 65|url jdbc:h2:mem:831f2242-d098-4222-ba9c-ae9e8270500f|drop sequence if exists hibernate_sequence|drop sequence if exists hibernate_sequence
1666868966920|2|statement|connection 26|url jdbc:h2:mem:6c665a36-b628-435c-80c8-d887d4b2d93f|drop table if exists board CASCADE |drop table if exists board CASCADE 
1666868966925|3|statement|connection 26|url jdbc:h2:mem:6c665a36-b628-435c-80c8-d887d4b2d93f|drop table if exists comment CASCADE |drop table if exists comment CASCADE 
1666868966926|0|statement|connection 26|url jdbc:h2:mem:6c665a36-b628-435c-80c8-d887d4b2d93f|drop table if exists likes CASCADE |drop table if exists likes CASCADE 
1666868966926|0|statement|connection 26|url jdbc:h2:mem:6c665a36-b628-435c-80c8-d887d4b2d93f|drop table if exists message CASCADE |drop table if exists message CASCADE 
1666868966926|0|statement|connection 26|url jdbc:h2:mem:6c665a36-b628-435c-80c8-d887d4b2d93f|drop table if exists my_sequences CASCADE |drop table if exists my_sequences CASCADE 
1666868966926|0|statement|connection 26|url jdbc:h2:mem:6c665a36-b628-435c-80c8-d887d4b2d93f|drop table if exists notification CASCADE |drop table if exists notification CASCADE 
1666868966930|3|statement|connection 26|url jdbc:h2:mem:6c665a36-b628-435c-80c8-d887d4b2d93f|drop table if exists room CASCADE |drop table if exists room CASCADE 
1666868966931|1|statement|connection 26|url jdbc:h2:mem:6c665a36-b628-435c-80c8-d887d4b2d93f|drop table if exists school CASCADE |drop table if exists school CASCADE 
1666868966934|2|statement|connection 26|url jdbc:h2:mem:6c665a36-b628-435c-80c8-d887d4b2d93f|drop table if exists student_card CASCADE |drop table if exists student_card CASCADE 
1666868966934|0|statement|connection 26|url jdbc:h2:mem:6c665a36-b628-435c-80c8-d887d4b2d93f|drop table if exists upload_file CASCADE |drop table if exists upload_file CASCADE 
1666868966934|0|statement|connection 26|url jdbc:h2:mem:6c665a36-b628-435c-80c8-d887d4b2d93f|drop table if exists user_confirm CASCADE |drop table if exists user_confirm CASCADE 
1666868966935|0|statement|connection 26|url jdbc:h2:mem:6c665a36-b628-435c-80c8-d887d4b2d93f|drop table if exists users CASCADE |drop table if exists users CASCADE 
1666868966935|0|statement|connection 26|url jdbc:h2:mem:6c665a36-b628-435c-80c8-d887d4b2d93f|drop sequence if exists hibernate_sequence|drop sequence if exists hibernate_sequence
1666910204985|4|statement|connection 26|url jdbc:h2:mem:5f09e335-eb0c-438e-b568-1252d8d31a47|drop table if exists board CASCADE |drop table if exists board CASCADE 
1666910204989|1|statement|connection 26|url jdbc:h2:mem:5f09e335-eb0c-438e-b568-1252d8d31a47|drop table if exists comment CASCADE |drop table if exists comment CASCADE 
1666910204989|0|statement|connection 26|url jdbc:h2:mem:5f09e335-eb0c-438e-b568-1252d8d31a47|drop table if exists likes CASCADE |drop table if exists likes CASCADE 
1666910204989|0|statement|connection 26|url jdbc:h2:mem:5f09e335-eb0c-438e-b568-1252d8d31a47|drop table if exists message CASCADE |drop table if exists message CASCADE 
1666910204989|0|statement|connection 26|url jdbc:h2:mem:5f09e335-eb0c-438e-b568-1252d8d31a47|drop table if exists my_sequences CASCADE |drop table if exists my_sequences CASCADE 
1666910204990|0|statement|connection 26|url jdbc:h2:mem:5f09e335-eb0c-438e-b568-1252d8d31a47|drop table if exists notification CASCADE |drop table if exists notification CASCADE 
1666910204990|0|statement|connection 26|url jdbc:h2:mem:5f09e335-eb0c-438e-b568-1252d8d31a47|drop table if exists room CASCADE |drop table if exists room CASCADE 
1666910204993|2|statement|connection 26|url jdbc:h2:mem:5f09e335-eb0c-438e-b568-1252d8d31a47|drop table if exists school CASCADE |drop table if exists school CASCADE 
1666910204994|0|statement|connection 26|url jdbc:h2:mem:5f09e335-eb0c-438e-b568-1252d8d31a47|drop table if exists student_card CASCADE |drop table if exists student_card CASCADE 
1666910204994|0|statement|connection 26|url jdbc:h2:mem:5f09e335-eb0c-438e-b568-1252d8d31a47|drop table if exists upload_file CASCADE |drop table if exists upload_file CASCADE 
1666910204995|0|statement|connection 26|url jdbc:h2:mem:5f09e335-eb0c-438e-b568-1252d8d31a47|drop table if exists user_confirm CASCADE |drop table if exists user_confirm CASCADE 
1666910204995|0|statement|connection 26|url jdbc:h2:mem:5f09e335-eb0c-438e-b568-1252d8d31a47|drop table if exists users CASCADE |drop table if exists users CASCADE 
1666910204995|0|statement|connection 26|url jdbc:h2:mem:5f09e335-eb0c-438e-b568-1252d8d31a47|drop sequence if exists hibernate_sequence|drop sequence if exists hibernate_sequence
1666910247142|6|statement|connection 26|url jdbc:h2:mem:c0248a8e-928c-418f-823b-00d977cdbcfa|drop table if exists board CASCADE |drop table if exists board CASCADE 
1666910247147|2|statement|connection 26|url jdbc:h2:mem:c0248a8e-928c-418f-823b-00d977cdbcfa|drop table if exists comment CASCADE |drop table if exists comment CASCADE 
1666910247147|0|statement|connection 26|url jdbc:h2:mem:c0248a8e-928c-418f-823b-00d977cdbcfa|drop table if exists likes CASCADE |drop table if exists likes CASCADE 
1666910247147|0|statement|connection 26|url jdbc:h2:mem:c0248a8e-928c-418f-823b-00d977cdbcfa|drop table if exists message CASCADE |drop table if exists message CASCADE 
1666910247148|0|statement|connection 26|url jdbc:h2:mem:c0248a8e-928c-418f-823b-00d977cdbcfa|drop table if exists my_sequences CASCADE |drop table if exists my_sequences CASCADE 
1666910247148|0|statement|connection 26|url jdbc:h2:mem:c0248a8e-928c-418f-823b-00d977cdbcfa|drop table if exists notification CASCADE |drop table if exists notification CASCADE 
1666910247148|0|statement|connection 26|url jdbc:h2:mem:c0248a8e-928c-418f-823b-00d977cdbcfa|drop table if exists room CASCADE |drop table if exists room CASCADE 
1666910247149|0|statement|connection 26|url jdbc:h2:mem:c0248a8e-928c-418f-823b-00d977cdbcfa|drop table if exists school CASCADE |drop table if exists school CASCADE 
1666910247150|0|statement|connection 26|url jdbc:h2:mem:c0248a8e-928c-418f-823b-00d977cdbcfa|drop table if exists student_card CASCADE |drop table if exists student_card CASCADE 
1666910247152|1|statement|connection 26|url jdbc:h2:mem:c0248a8e-928c-418f-823b-00d977cdbcfa|drop table if exists upload_file CASCADE |drop table if exists upload_file CASCADE 
1666910247153|0|statement|connection 26|url jdbc:h2:mem:c0248a8e-928c-418f-823b-00d977cdbcfa|drop table if exists user_confirm CASCADE |drop table if exists user_confirm CASCADE 
1666910247153|0|statement|connection 26|url jdbc:h2:mem:c0248a8e-928c-418f-823b-00d977cdbcfa|drop table if exists users CASCADE |drop table if exists users CASCADE 
1666910247153|0|statement|connection 26|url jdbc:h2:mem:c0248a8e-928c-418f-823b-00d977cdbcfa|drop sequence if exists hibernate_sequence|drop sequence if exists hibernate_sequence
1666938168860|4|statement|connection 26|url jdbc:h2:mem:f1cf29d8-1afa-45cb-a4aa-deacd9152af1|drop table if exists board CASCADE |drop table if exists board CASCADE 
1666938168864|1|statement|connection 26|url jdbc:h2:mem:f1cf29d8-1afa-45cb-a4aa-deacd9152af1|drop table if exists comment CASCADE |drop table if exists comment CASCADE 
1666938168865|0|statement|connection 26|url jdbc:h2:mem:f1cf29d8-1afa-45cb-a4aa-deacd9152af1|drop table if exists likes CASCADE |drop table if exists likes CASCADE 
1666938168865|0|statement|connection 26|url jdbc:h2:mem:f1cf29d8-1afa-45cb-a4aa-deacd9152af1|drop table if exists message CASCADE |drop table if exists message CASCADE 
1666938168865|0|statement|connection 26|url jdbc:h2:mem:f1cf29d8-1afa-45cb-a4aa-deacd9152af1|drop table if exists my_sequences CASCADE |drop table if exists my_sequences CASCADE 
1666938168866|0|statement|connection 26|url jdbc:h2:mem:f1cf29d8-1afa-45cb-a4aa-deacd9152af1|drop table if exists notification CASCADE |drop table if exists notification CASCADE 
1666938168866|0|statement|connection 26|url jdbc:h2:mem:f1cf29d8-1afa-45cb-a4aa-deacd9152af1|drop table if exists room CASCADE |drop table if exists room CASCADE 
1666938168868|2|statement|connection 26|url jdbc:h2:mem:f1cf29d8-1afa-45cb-a4aa-deacd9152af1|drop table if exists school CASCADE |drop table if exists school CASCADE 
1666938168869|0|statement|connection 26|url jdbc:h2:mem:f1cf29d8-1afa-45cb-a4aa-deacd9152af1|drop table if exists student_card CASCADE |drop table if exists student_card CASCADE 
1666938168869|0|statement|connection 26|url jdbc:h2:mem:f1cf29d8-1afa-45cb-a4aa-deacd9152af1|drop table if exists upload_file CASCADE |drop table if exists upload_file CASCADE 
1666938168869|0|statement|connection 26|url jdbc:h2:mem:f1cf29d8-1afa-45cb-a4aa-deacd9152af1|drop table if exists user_confirm CASCADE |drop table if exists user_confirm CASCADE 
1666938168869|0|statement|connection 26|url jdbc:h2:mem:f1cf29d8-1afa-45cb-a4aa-deacd9152af1|drop table if exists users CASCADE |drop table if exists users CASCADE 
1666938168870|0|statement|connection 26|url jdbc:h2:mem:f1cf29d8-1afa-45cb-a4aa-deacd9152af1|drop sequence if exists hibernate_sequence|drop sequence if exists hibernate_sequence
1666940891217|6|statement|connection 26|url jdbc:h2:mem:0beed083-a624-4d22-a039-39666a899535|drop table if exists board CASCADE |drop table if exists board CASCADE 
1666940891220|1|statement|connection 26|url jdbc:h2:mem:0beed083-a624-4d22-a039-39666a899535|drop table if exists comment CASCADE |drop table if exists comment CASCADE 
1666940891220|0|statement|connection 26|url jdbc:h2:mem:0beed083-a624-4d22-a039-39666a899535|drop table if exists likes CASCADE |drop table if exists likes CASCADE 
1666940891221|0|statement|connection 26|url jdbc:h2:mem:0beed083-a624-4d22-a039-39666a899535|drop table if exists message CASCADE |drop table if exists message CASCADE 
1666940891221|0|statement|connection 26|url jdbc:h2:mem:0beed083-a624-4d22-a039-39666a899535|drop table if exists my_sequences CASCADE |drop table if exists my_sequences CASCADE 
1666940891222|0|statement|connection 26|url jdbc:h2:mem:0beed083-a624-4d22-a039-39666a899535|drop table if exists notification CASCADE |drop table if exists notification CASCADE 
1666940891226|4|statement|connection 26|url jdbc:h2:mem:0beed083-a624-4d22-a039-39666a899535|drop table if exists room CASCADE |drop table if exists room CASCADE 
1666940891226|0|statement|connection 26|url jdbc:h2:mem:0beed083-a624-4d22-a039-39666a899535|drop table if exists school CASCADE |drop table if exists school CASCADE 
1666940891227|0|statement|connection 26|url jdbc:h2:mem:0beed083-a624-4d22-a039-39666a899535|drop table if exists student_card CASCADE |drop table if exists student_card CASCADE 
1666940891227|0|statement|connection 26|url jdbc:h2:mem:0beed083-a624-4d22-a039-39666a899535|drop table if exists upload_file CASCADE |drop table if exists upload_file CASCADE 
1666940891227|0|statement|connection 26|url jdbc:h2:mem:0beed083-a624-4d22-a039-39666a899535|drop table if exists user_confirm CASCADE |drop table if exists user_confirm CASCADE 
1666940891230|2|statement|connection 26|url jdbc:h2:mem:0beed083-a624-4d22-a039-39666a899535|drop table if exists users CASCADE |drop table if exists users CASCADE 
1666940891231|0|statement|connection 26|url jdbc:h2:mem:0beed083-a624-4d22-a039-39666a899535|drop sequence if exists hibernate_sequence|drop sequence if exists hibernate_sequence
1666941743196|5|statement|connection 26|url jdbc:h2:mem:b521077d-2b4f-462c-b537-d0f8b10e420a|drop table if exists board CASCADE |drop table if exists board CASCADE 
1666941743200|2|statement|connection 26|url jdbc:h2:mem:b521077d-2b4f-462c-b537-d0f8b10e420a|drop table if exists comment CASCADE |drop table if exists comment CASCADE 
1666941743200|0|statement|connection 26|url jdbc:h2:mem:b521077d-2b4f-462c-b537-d0f8b10e420a|drop table if exists likes CASCADE |drop table if exists likes CASCADE 
1666941743201|0|statement|connection 26|url jdbc:h2:mem:b521077d-2b4f-462c-b537-d0f8b10e420a|drop table if exists message CASCADE |drop table if exists message CASCADE 
1666941743201|0|statement|connection 26|url jdbc:h2:mem:b521077d-2b4f-462c-b537-d0f8b10e420a|drop table if exists my_sequences CASCADE |drop table if exists my_sequences CASCADE 
1666941743201|0|statement|connection 26|url jdbc:h2:mem:b521077d-2b4f-462c-b537-d0f8b10e420a|drop table if exists notification CASCADE |drop table if exists notification CASCADE 
1666941743202|0|statement|connection 26|url jdbc:h2:mem:b521077d-2b4f-462c-b537-d0f8b10e420a|drop table if exists room CASCADE |drop table if exists room CASCADE 
1666941743205|3|statement|connection 26|url jdbc:h2:mem:b521077d-2b4f-462c-b537-d0f8b10e420a|drop table if exists school CASCADE |drop table if exists school CASCADE 
1666941743206|0|statement|connection 26|url jdbc:h2:mem:b521077d-2b4f-462c-b537-d0f8b10e420a|drop table if exists student_card CASCADE |drop table if exists student_card CASCADE 
1666941743206|0|statement|connection 26|url jdbc:h2:mem:b521077d-2b4f-462c-b537-d0f8b10e420a|drop table if exists upload_file CASCADE |drop table if exists upload_file CASCADE 
1666941743206|0|statement|connection 26|url jdbc:h2:mem:b521077d-2b4f-462c-b537-d0f8b10e420a|drop table if exists user_confirm CASCADE |drop table if exists user_confirm CASCADE 
1666941743207|0|statement|connection 26|url jdbc:h2:mem:b521077d-2b4f-462c-b537-d0f8b10e420a|drop table if exists users CASCADE |drop table if exists users CASCADE 
1666941743207|0|statement|connection 26|url jdbc:h2:mem:b521077d-2b4f-462c-b537-d0f8b10e420a|drop sequence if exists hibernate_sequence|drop sequence if exists hibernate_sequence
1666942280322|7|statement|connection 26|url jdbc:h2:mem:4fd273e8-6ae3-4745-979e-3997b36f1563|drop table if exists board CASCADE |drop table if exists board CASCADE 
1666942280327|3|statement|connection 26|url jdbc:h2:mem:4fd273e8-6ae3-4745-979e-3997b36f1563|drop table if exists comment CASCADE |drop table if exists comment CASCADE 
1666942280328|0|statement|connection 26|url jdbc:h2:mem:4fd273e8-6ae3-4745-979e-3997b36f1563|drop table if exists likes CASCADE |drop table if exists likes CASCADE 
1666942280329|0|statement|connection 26|url jdbc:h2:mem:4fd273e8-6ae3-4745-979e-3997b36f1563|drop table if exists message CASCADE |drop table if exists message CASCADE 
1666942280329|0|statement|connection 26|url jdbc:h2:mem:4fd273e8-6ae3-4745-979e-3997b36f1563|drop table if exists my_sequences CASCADE |drop table if exists my_sequences CASCADE 
1666942280330|0|statement|connection 26|url jdbc:h2:mem:4fd273e8-6ae3-4745-979e-3997b36f1563|drop table if exists notification CASCADE |drop table if exists notification CASCADE 
1666942280330|0|statement|connection 26|url jdbc:h2:mem:4fd273e8-6ae3-4745-979e-3997b36f1563|drop table if exists room CASCADE |drop table if exists room CASCADE 
1666942280330|0|statement|connection 26|url jdbc:h2:mem:4fd273e8-6ae3-4745-979e-3997b36f1563|drop table if exists school CASCADE |drop table if exists school CASCADE 
1666942280335|4|statement|connection 26|url jdbc:h2:mem:4fd273e8-6ae3-4745-979e-3997b36f1563|drop table if exists student_card CASCADE |drop table if exists student_card CASCADE 
1666942280336|0|statement|connection 26|url jdbc:h2:mem:4fd273e8-6ae3-4745-979e-3997b36f1563|drop table if exists upload_file CASCADE |drop table if exists upload_file CASCADE 
1666942280336|0|statement|connection 26|url jdbc:h2:mem:4fd273e8-6ae3-4745-979e-3997b36f1563|drop table if exists user_confirm CASCADE |drop table if exists user_confirm CASCADE 
1666942280337|0|statement|connection 26|url jdbc:h2:mem:4fd273e8-6ae3-4745-979e-3997b36f1563|drop table if exists users CASCADE |drop table if exists users CASCADE 
1666942280337|0|statement|connection 26|url jdbc:h2:mem:4fd273e8-6ae3-4745-979e-3997b36f1563|drop sequence if exists hibernate_sequence|drop sequence if exists hibernate_sequence
1666952408903|8|statement|connection 26|url jdbc:h2:mem:5370bdb3-03fd-4d79-830a-078228d14384|drop table if exists board CASCADE |drop table if exists board CASCADE 
1666952408906|1|statement|connection 26|url jdbc:h2:mem:5370bdb3-03fd-4d79-830a-078228d14384|drop table if exists comment CASCADE |drop table if exists comment CASCADE 
1666952408906|0|statement|connection 26|url jdbc:h2:mem:5370bdb3-03fd-4d79-830a-078228d14384|drop table if exists likes CASCADE |drop table if exists likes CASCADE 
1666952408907|0|statement|connection 26|url jdbc:h2:mem:5370bdb3-03fd-4d79-830a-078228d14384|drop table if exists message CASCADE |drop table if exists message CASCADE 
1666952408907|0|statement|connection 26|url jdbc:h2:mem:5370bdb3-03fd-4d79-830a-078228d14384|drop table if exists my_sequences CASCADE |drop table if exists my_sequences CASCADE 
1666952408908|1|statement|connection 26|url jdbc:h2:mem:5370bdb3-03fd-4d79-830a-078228d14384|drop table if exists notification CASCADE |drop table if exists notification CASCADE 
1666952408911|3|statement|connection 26|url jdbc:h2:mem:5370bdb3-03fd-4d79-830a-078228d14384|drop table if exists room CASCADE |drop table if exists room CASCADE 
1666952408913|1|statement|connection 26|url jdbc:h2:mem:5370bdb3-03fd-4d79-830a-078228d14384|drop table if exists school CASCADE |drop table if exists school CASCADE 
1666952408913|0|statement|connection 26|url jdbc:h2:mem:5370bdb3-03fd-4d79-830a-078228d14384|drop table if exists student_card CASCADE |drop table if exists student_card CASCADE 
1666952408913|0|statement|connection 26|url jdbc:h2:mem:5370bdb3-03fd-4d79-830a-078228d14384|drop table if exists upload_file CASCADE |drop table if exists upload_file CASCADE 
1666952408915|1|statement|connection 26|url jdbc:h2:mem:5370bdb3-03fd-4d79-830a-078228d14384|drop table if exists user_confirm CASCADE |drop table if exists user_confirm CASCADE 
1666952408916|0|statement|connection 26|url jdbc:h2:mem:5370bdb3-03fd-4d79-830a-078228d14384|drop table if exists users CASCADE |drop table if exists users CASCADE 
1666952408916|0|statement|connection 26|url jdbc:h2:mem:5370bdb3-03fd-4d79-830a-078228d14384|drop sequence if exists hibernate_sequence|drop sequence if exists hibernate_sequence
1666952535494|4|statement|connection 26|url jdbc:h2:mem:fd025788-40df-4acb-92ac-a95fba37f5a5|drop table if exists board CASCADE |drop table if exists board CASCADE 
1666952535497|1|statement|connection 26|url jdbc:h2:mem:fd025788-40df-4acb-92ac-a95fba37f5a5|drop table if exists comment CASCADE |drop table if exists comment CASCADE 
1666952535497|0|statement|connection 26|url jdbc:h2:mem:fd025788-40df-4acb-92ac-a95fba37f5a5|drop table if exists likes CASCADE |drop table if exists likes CASCADE 
1666952535497|0|statement|connection 26|url jdbc:h2:mem:fd025788-40df-4acb-92ac-a95fba37f5a5|drop table if exists message CASCADE |drop table if exists message CASCADE 
1666952535498|0|statement|connection 26|url jdbc:h2:mem:fd025788-40df-4acb-92ac-a95fba37f5a5|drop table if exists my_sequences CASCADE |drop table if exists my_sequences CASCADE 
1666952535498|0|statement|connection 26|url jdbc:h2:mem:fd025788-40df-4acb-92ac-a95fba37f5a5|drop table if exists notification CASCADE |drop table if exists notification CASCADE 
1666952535498|0|statement|connection 26|url jdbc:h2:mem:fd025788-40df-4acb-92ac-a95fba37f5a5|drop table if exists room CASCADE |drop table if exists room CASCADE 
1666952535501|2|statement|connection 26|url jdbc:h2:mem:fd025788-40df-4acb-92ac-a95fba37f5a5|drop table if exists school CASCADE |drop table if exists school CASCADE 
1666952535502|0|statement|connection 26|url jdbc:h2:mem:fd025788-40df-4acb-92ac-a95fba37f5a5|drop table if exists student_card CASCADE |drop table if exists student_card CASCADE 
1666952535502|0|statement|connection 26|url jdbc:h2:mem:fd025788-40df-4acb-92ac-a95fba37f5a5|drop table if exists upload_file CASCADE |drop table if exists upload_file CASCADE 
1666952535503|0|statement|connection 26|url jdbc:h2:mem:fd025788-40df-4acb-92ac-a95fba37f5a5|drop table if exists user_confirm CASCADE |drop table if exists user_confirm CASCADE 
1666952535503|0|statement|connection 26|url jdbc:h2:mem:fd025788-40df-4acb-92ac-a95fba37f5a5|drop table if exists users CASCADE |drop table if exists users CASCADE 
1666952535503|0|statement|connection 26|url jdbc:h2:mem:fd025788-40df-4acb-92ac-a95fba37f5a5|drop sequence if exists hibernate_sequence|drop sequence if exists hibernate_sequence
1666952647051|5|statement|connection 26|url jdbc:h2:mem:d816c53c-5438-404e-aec3-e42735583fc3|drop table if exists board CASCADE |drop table if exists board CASCADE 
1666952647056|1|statement|connection 26|url jdbc:h2:mem:d816c53c-5438-404e-aec3-e42735583fc3|drop table if exists comment CASCADE |drop table if exists comment CASCADE 
1666952647056|0|statement|connection 26|url jdbc:h2:mem:d816c53c-5438-404e-aec3-e42735583fc3|drop table if exists likes CASCADE |drop table if exists likes CASCADE 
1666952647057|0|statement|connection 26|url jdbc:h2:mem:d816c53c-5438-404e-aec3-e42735583fc3|drop table if exists message CASCADE |drop table if exists message CASCADE 
1666952647057|0|statement|connection 26|url jdbc:h2:mem:d816c53c-5438-404e-aec3-e42735583fc3|drop table if exists my_sequences CASCADE |drop table if exists my_sequences CASCADE 
1666952647057|0|statement|connection 26|url jdbc:h2:mem:d816c53c-5438-404e-aec3-e42735583fc3|drop table if exists notification CASCADE |drop table if exists notification CASCADE 
1666952647057|0|statement|connection 26|url jdbc:h2:mem:d816c53c-5438-404e-aec3-e42735583fc3|drop table if exists room CASCADE |drop table if exists room CASCADE 
1666952647060|3|statement|connection 26|url jdbc:h2:mem:d816c53c-5438-404e-aec3-e42735583fc3|drop table if exists school CASCADE |drop table if exists school CASCADE 
1666952647062|0|statement|connection 26|url jdbc:h2:mem:d816c53c-5438-404e-aec3-e42735583fc3|drop table if exists student_card CASCADE |drop table if exists student_card CASCADE 
1666952647062|0|statement|connection 26|url jdbc:h2:mem:d816c53c-5438-404e-aec3-e42735583fc3|drop table if exists upload_file CASCADE |drop table if exists upload_file CASCADE 
1666952647062|0|statement|connection 26|url jdbc:h2:mem:d816c53c-5438-404e-aec3-e42735583fc3|drop table if exists user_confirm CASCADE |drop table if exists user_confirm CASCADE 
1666952647062|0|statement|connection 26|url jdbc:h2:mem:d816c53c-5438-404e-aec3-e42735583fc3|drop table if exists users CASCADE |drop table if exists users CASCADE 
1666952647062|0|statement|connection 26|url jdbc:h2:mem:d816c53c-5438-404e-aec3-e42735583fc3|drop sequence if exists hibernate_sequence|drop sequence if exists hibernate_sequence
1666952713608|3|statement|connection 26|url jdbc:h2:mem:3aeebca5-7f01-4f11-8ee6-1138ecbe15b8|drop table if exists board CASCADE |drop table if exists board CASCADE 
1666952713613|1|statement|connection 26|url jdbc:h2:mem:3aeebca5-7f01-4f11-8ee6-1138ecbe15b8|drop table if exists comment CASCADE |drop table if exists comment CASCADE 
1666952713613|0|statement|connection 26|url jdbc:h2:mem:3aeebca5-7f01-4f11-8ee6-1138ecbe15b8|drop table if exists likes CASCADE |drop table if exists likes CASCADE 
1666952713614|0|statement|connection 26|url jdbc:h2:mem:3aeebca5-7f01-4f11-8ee6-1138ecbe15b8|drop table if exists message CASCADE |drop table if exists message CASCADE 
1666952713614|0|statement|connection 26|url jdbc:h2:mem:3aeebca5-7f01-4f11-8ee6-1138ecbe15b8|drop table if exists my_sequences CASCADE |drop table if exists my_sequences CASCADE 
1666952713614|0|statement|connection 26|url jdbc:h2:mem:3aeebca5-7f01-4f11-8ee6-1138ecbe15b8|drop table if exists notification CASCADE |drop table if exists notification CASCADE 
1666952713614|0|statement|connection 26|url jdbc:h2:mem:3aeebca5-7f01-4f11-8ee6-1138ecbe15b8|drop table if exists room CASCADE |drop table if exists room CASCADE 
1666952713615|0|statement|connection 26|url jdbc:h2:mem:3aeebca5-7f01-4f11-8ee6-1138ecbe15b8|drop table if exists school CASCADE |drop table if exists school CASCADE 
1666952713616|0|statement|connection 26|url jdbc:h2:mem:3aeebca5-7f01-4f11-8ee6-1138ecbe15b8|drop table if exists student_card CASCADE |drop table if exists student_card CASCADE 
1666952713616|0|statement|connection 26|url jdbc:h2:mem:3aeebca5-7f01-4f11-8ee6-1138ecbe15b8|drop table if exists upload_file CASCADE |drop table if exists upload_file CASCADE 
1666952713616|0|statement|connection 26|url jdbc:h2:mem:3aeebca5-7f01-4f11-8ee6-1138ecbe15b8|drop table if exists user_confirm CASCADE |drop table if exists user_confirm CASCADE 
1666952713616|0|statement|connection 26|url jdbc:h2:mem:3aeebca5-7f01-4f11-8ee6-1138ecbe15b8|drop table if exists users CASCADE |drop table if exists users CASCADE 
1666952713616|0|statement|connection 26|url jdbc:h2:mem:3aeebca5-7f01-4f11-8ee6-1138ecbe15b8|drop sequence if exists hibernate_sequence|drop sequence if exists hibernate_sequence
1666954263118|7|statement|connection 29|url jdbc:h2:mem:a910e70c-6967-4ee6-985d-07a9401f65d6|drop table if exists board CASCADE |drop table if exists board CASCADE 
1666954263123|2|statement|connection 29|url jdbc:h2:mem:a910e70c-6967-4ee6-985d-07a9401f65d6|drop table if exists comment CASCADE |drop table if exists comment CASCADE 
1666954263125|1|statement|connection 29|url jdbc:h2:mem:a910e70c-6967-4ee6-985d-07a9401f65d6|drop table if exists likes CASCADE |drop table if exists likes CASCADE 
1666954263126|0|statement|connection 29|url jdbc:h2:mem:a910e70c-6967-4ee6-985d-07a9401f65d6|drop table if exists message CASCADE |drop table if exists message CASCADE 
1666954263127|0|statement|connection 29|url jdbc:h2:mem:a910e70c-6967-4ee6-985d-07a9401f65d6|drop table if exists my_sequences CASCADE |drop table if exists my_sequences CASCADE 
1666954263133|5|statement|connection 29|url jdbc:h2:mem:a910e70c-6967-4ee6-985d-07a9401f65d6|drop table if exists notification CASCADE |drop table if exists notification CASCADE 
1666954263136|2|statement|connection 29|url jdbc:h2:mem:a910e70c-6967-4ee6-985d-07a9401f65d6|drop table if exists room CASCADE |drop table if exists room CASCADE 
1666954263138|1|statement|connection 29|url jdbc:h2:mem:a910e70c-6967-4ee6-985d-07a9401f65d6|drop table if exists school CASCADE |drop table if exists school CASCADE 
1666954263139|0|statement|connection 29|url jdbc:h2:mem:a910e70c-6967-4ee6-985d-07a9401f65d6|drop table if exists student_card CASCADE |drop table if exists student_card CASCADE 
1666954263139|0|statement|connection 29|url jdbc:h2:mem:a910e70c-6967-4ee6-985d-07a9401f65d6|drop table if exists upload_file CASCADE |drop table if exists upload_file CASCADE 
1666954263140|0|statement|connection 29|url jdbc:h2:mem:a910e70c-6967-4ee6-985d-07a9401f65d6|drop table if exists user_confirm CASCADE |drop table if exists user_confirm CASCADE 
1666954263142|1|statement|connection 29|url jdbc:h2:mem:a910e70c-6967-4ee6-985d-07a9401f65d6|drop table if exists users CASCADE |drop table if exists users CASCADE 
1666954263143|0|statement|connection 29|url jdbc:h2:mem:a910e70c-6967-4ee6-985d-07a9401f65d6|drop sequence if exists hibernate_sequence|drop sequence if exists hibernate_sequence
